<?xml version="1.0" encoding="UTF-8"?>
<!-- Generated by org.testng.reporters.JUnitReportReporter -->
<testsuite skipped="0" hostname="LAPTOP-T2DQGLQT" name="api.SwaggerTestNG.API" tests="2" failures="0" timestamp="22 Nov 2020 16:21:29 GMT" time="3.240" errors="0">
  <testcase name="Request" time="2.949" classname="api.SwaggerTestNG.API"/>
  <testcase name="Request" time="0.291" classname="api.SwaggerTestNG.API"/>
</testsuite> <!-- api.SwaggerTestNG.API -->
