<?xml version="1.0" encoding="UTF-8"?>
<!-- Generated by org.testng.reporters.JUnitReportReporter -->
<testsuite skipped="0" hostname="LAPTOP-T2DQGLQT" name="api.SwaggerTestNG.API" tests="1" failures="0" timestamp="08 Nov 2020 15:55:02 GMT" time="3.396" errors="0">
  <testcase name="Request" time="3.396" classname="api.SwaggerTestNG.API"/>
</testsuite> <!-- api.SwaggerTestNG.API -->
